<?xml version="1.0" encoding="UTF-8"?>
<!-- Generated by org.testng.reporters.JUnitReportReporter -->
<testsuite hostname="LAPTOP-95NO9S2C" failures="0" tests="1" name="com.webappsecurity.zero.TestScripts.VerifyFundTransferTest" time="24.136" errors="0" timestamp="2022-03-26T20:54:16 IST" skipped="0">
  <testcase classname="com.webappsecurity.zero.TestScripts.VerifyFundTransferTest" name="verifyFundTransfer" time="24.136"/>
  <system-out/>
</testsuite> <!-- com.webappsecurity.zero.TestScripts.VerifyFundTransferTest -->
