<?xml version="1.0" encoding="UTF-8"?>
<!-- Generated by org.testng.reporters.JUnitReportReporter -->
<testsuite hostname="LAPTOP-95NO9S2C" failures="0" tests="1" name="kdf.Application" time="31.062" errors="0" timestamp="2022-03-27T20:48:46 IST" skipped="0">
  <testcase classname="kdf.Application" name="verifyInvalidLogin" time="31.062"/>
  <system-out/>
</testsuite> <!-- kdf.Application -->
